{
  "RSpec": {
    "coverage": {
      "/csce431/ExchangeNomination/config/environment.rb": {
        "lines": [
          null,
          1,
          null,
          null,
          1
        ]
      },
      "/csce431/ExchangeNomination/config/application.rb": {
        "lines": [
          1,
          null,
          1,
          null,
          null,
          null,
          1,
          null,
          1,
          1,
          null,
          1,
          null,
          null,
          null,
          null,
          null,
          null,
          null,
          null,
          null,
          null
        ]
      },
      "/csce431/ExchangeNomination/config/boot.rb": {
        "lines": [
          1,
          null,
          1,
          1
        ]
      },
      "/csce431/ExchangeNomination/config/environments/test.rb": {
        "lines": [
          1,
          null,
          null,
          null,
          null,
          null,
          null,
          1,
          null,
          null,
          1,
          1,
          null,
          null,
          null,
          null,
          1,
          null,
          null,
          1,
          1,
          null,
          null,
          null,
          null,
          1,
          1,
          1,
          null,
          null,
          1,
          null,
          null,
          1,
          null,
          null,
          1,
          null,
          1,
          null,
          null,
          null,
          null,
          1,
          null,
          null,
          1,
          null,
          null,
          1,
          null,
          null,
          1,
          null,
          null,
          null,
          null,
          null,
          null,
          null
        ]
      },
      "/csce431/ExchangeNomination/config/initializers/application_controller_renderer.rb": {
        "lines": [
          null,
          null,
          null,
          null,
          null,
          null,
          null,
          null
        ]
      },
      "/csce431/ExchangeNomination/config/initializers/assets.rb": {
        "lines": [
          null,
          null,
          null,
          1,
          null,
          null,
          null,
          null,
          1,
          null,
          null,
          null,
          null,
          null
        ]
      },
      "/csce431/ExchangeNomination/config/initializers/backtrace_silencers.rb": {
        "lines": [
          null,
          null,
          null,
          null,
          null,
          null,
          null,
          1
        ]
      },
      "/csce431/ExchangeNomination/config/initializers/content_security_policy.rb": {
        "lines": [
          null,
          null,
          null,
          null,
          null,
          null,
          null,
          null,
          null,
          null,
          null,
          null,
          null,
          null,
          null,
          null,
          null,
          null,
          null,
          null,
          null,
          null,
          null,
          null,
          null,
          null,
          null,
          null,
          null,
          null
        ]
      },
      "/csce431/ExchangeNomination/config/initializers/cookies_serializer.rb": {
        "lines": [
          null,
          null,
          null,
          null,
          1
        ]
      },
      "/csce431/ExchangeNomination/config/initializers/filter_parameter_logging.rb": {
        "lines": [
          null,
          null,
          null,
          1,
          null,
          null
        ]
      },
      "/csce431/ExchangeNomination/config/initializers/inflections.rb": {
        "lines": [
          null,
          null,
          null,
          null,
          null,
          null,
          null,
          null,
          null,
          null,
          null,
          null,
          null,
          null,
          null,
          null
        ]
      },
      "/csce431/ExchangeNomination/config/initializers/mime_types.rb": {
        "lines": [
          null,
          null,
          null,
          null
        ]
      },
      "/csce431/ExchangeNomination/config/initializers/permissions_policy.rb": {
        "lines": [
          null,
          null,
          null,
          null,
          null,
          null,
          null,
          null,
          null,
          null,
          null
        ]
      },
      "/csce431/ExchangeNomination/config/initializers/wrap_parameters.rb": {
        "lines": [
          null,
          null,
          null,
          null,
          null,
          null,
          1,
          2,
          null,
          null,
          null,
          null,
          null,
          null
        ]
      },
      "/csce431/ExchangeNomination/config/routes.rb": {
        "lines": [
          1,
          null,
          null,
          1,
          1,
          1,
          1,
          1,
          1,
          1,
          1,
          null,
          null,
          1,
          1,
          1,
          1,
          1,
          null,
          null,
          null,
          1,
          1,
          1,
          1,
          1,
          1,
          null,
          null,
          null,
          null,
          1,
          1,
          1,
          1,
          1,
          1,
          null,
          1,
          null,
          null
        ]
      },
      "/csce431/ExchangeNomination/app/helpers/answers_helper.rb": {
        "lines": [
          1,
          null
        ]
      },
      "/csce431/ExchangeNomination/app/helpers/application_helper.rb": {
        "lines": [
          1,
          null
        ]
      },
      "/csce431/ExchangeNomination/app/helpers/questions_helper.rb": {
        "lines": [
          1,
          null
        ]
      },
      "/csce431/ExchangeNomination/app/helpers/representatives_helper.rb": {
        "lines": [
          1,
          null
        ]
      },
      "/csce431/ExchangeNomination/app/helpers/responses_helper.rb": {
        "lines": [
          1,
          null
        ]
      },
      "/csce431/ExchangeNomination/app/helpers/students_helper.rb": {
        "lines": [
          1,
          null
        ]
      },
      "/csce431/ExchangeNomination/app/helpers/universities_helper.rb": {
        "lines": [
          1,
          null
        ]
      },
      "/csce431/ExchangeNomination/spec/unit/unit_spec.rb": {
        "lines": [
          1,
          1,
          null,
          1,
          1,
          6,
          6,
          6,
          null,
          null,
          1,
          1,
          null,
          null,
          1,
          1,
          1,
          null,
          null,
          1,
          1,
          1,
          null,
          null,
          1,
          1,
          1,
          null,
          null,
          1,
          1,
          1,
          null,
          null,
          1,
          1,
          1,
          null,
          null,
          null,
          1,
          1,
          3,
          null,
          null,
          1,
          1,
          null,
          null,
          1,
          1,
          1,
          null,
          null,
          1,
          1,
          1,
          null,
          null,
          null,
          1,
          1,
          2,
          null,
          null,
          1,
          1,
          null,
          null,
          1,
          1,
          1,
          null,
          null,
          null,
          1,
          1,
          1,
          null,
          1,
          1,
          0,
          null,
          null,
          null,
          1,
          1,
          8,
          8,
          8,
          8,
          8,
          null,
          null,
          1,
          1,
          null,
          null,
          1,
          1,
          1,
          null,
          null,
          1,
          1,
          1,
          null,
          null,
          1,
          1,
          1,
          null,
          null,
          1,
          1,
          1,
          null,
          null,
          1,
          1,
          1,
          null,
          null,
          1,
          1,
          1,
          null,
          null,
          1,
          1,
          1,
          null,
          null
        ]
      },
      "/csce431/ExchangeNomination/app/models/representative.rb": {
        "lines": [
          1,
          1,
          1,
          1,
          null
        ]
      },
      "/csce431/ExchangeNomination/app/models/application_record.rb": {
        "lines": [
          1,
          1,
          null
        ]
      },
      "/csce431/ExchangeNomination/app/models/university.rb": {
        "lines": [
          1,
          1,
          1,
          1,
          null
        ]
      },
      "/csce431/ExchangeNomination/app/models/answer.rb": {
        "lines": [
          1,
          1,
          1,
          null
        ]
      },
      "/csce431/ExchangeNomination/app/models/student.rb": {
        "lines": [
          1,
          1,
          1,
          1,
          1,
          null
        ]
      },
      "/csce431/ExchangeNomination/app/controllers/universities_controller.rb": {
        "lines": [
          1,
          1,
          null,
          null,
          1,
          41,
          null,
          null,
          null,
          1,
          0,
          0,
          null,
          null,
          null,
          1,
          19,
          null,
          null,
          null,
          1,
          null,
          null,
          null,
          1,
          21,
          null,
          21,
          21,
          38,
          19,
          null,
          4,
          2,
          null,
          null,
          null,
          null,
          null,
          1,
          2,
          2,
          2,
          1,
          null,
          2,
          1,
          null,
          null,
          null,
          null,
          null,
          1,
          1,
          null,
          1,
          2,
          1,
          null,
          null,
          null,
          1,
          null,
          1,
          4,
          null,
          null,
          null,
          1,
          23,
          null,
          null
        ]
      },
      "/csce431/ExchangeNomination/app/controllers/application_controller.rb": {
        "lines": [
          1,
          1,
          null
        ]
      },
      "/csce431/ExchangeNomination/app/controllers/representatives_controller.rb": {
        "lines": [
          1,
          1,
          null,
          null,
          1,
          8,
          null,
          null,
          null,
          1,
          null,
          null,
          null,
          1,
          11,
          null,
          null,
          null,
          1,
          6,
          null,
          null,
          null,
          1,
          10,
          null,
          null,
          null,
          1,
          null,
          null,
          null,
          1,
          1,
          null,
          null,
          null,
          1,
          7,
          null,
          7,
          7,
          12,
          6,
          null,
          2,
          1,
          null,
          null,
          null,
          null,
          1,
          11,
          null,
          11,
          11,
          20,
          10,
          null,
          2,
          1,
          null,
          null,
          null,
          null,
          null,
          1,
          2,
          2,
          2,
          1,
          null,
          2,
          1,
          null,
          null,
          null,
          null,
          null,
          1,
          2,
          null,
          2,
          2,
          2,
          1,
          null,
          2,
          1,
          null,
          null,
          null,
          null,
          null,
          1,
          1,
          null,
          1,
          2,
          1,
          null,
          null,
          null,
          1,
          13,
          13,
          13,
          null,
          null,
          1,
          0,
          null,
          null,
          1,
          0,
          null,
          null,
          1,
          null,
          1,
          11,
          null,
          null,
          null,
          1,
          22,
          null,
          null
        ]
      },
      "/csce431/ExchangeNomination/app/controllers/students_controller.rb": {
        "lines": [
          1,
          1,
          null,
          null,
          1,
          5,
          null,
          null,
          null,
          1,
          4,
          null,
          null,
          1,
          null,
          null,
          2,
          null,
          2,
          1,
          1,
          null,
          1,
          null,
          null,
          null,
          null,
          1,
          4,
          4,
          4,
          null,
          null,
          null,
          1,
          13,
          13,
          13,
          13,
          null,
          null,
          null,
          1,
          3,
          null,
          null,
          null,
          1,
          16,
          16,
          16,
          16,
          16,
          null,
          16,
          4,
          null,
          null,
          null,
          null,
          1,
          null,
          null,
          null,
          1,
          1,
          null,
          null,
          null,
          1,
          4,
          null,
          4,
          4,
          3,
          3,
          6,
          3,
          null,
          2,
          1,
          null,
          null,
          null,
          null,
          null,
          1,
          13,
          13,
          null,
          13,
          13,
          12,
          24,
          12,
          null,
          2,
          1,
          null,
          null,
          null,
          null,
          null,
          1,
          2,
          2,
          2,
          1,
          null,
          2,
          1,
          null,
          null,
          null,
          null,
          null,
          1,
          2,
          null,
          null,
          2,
          2,
          2,
          1,
          null,
          2,
          1,
          null,
          null,
          null,
          null,
          null,
          1,
          1,
          1,
          1,
          null,
          1,
          2,
          1,
          null,
          null,
          null,
          1,
          0,
          0,
          0,
          0,
          0,
          null,
          0,
          0,
          0,
          null,
          null,
          null,
          null,
          1,
          null,
          1,
          8,
          null,
          null,
          null,
          1,
          21,
          null,
          null
        ]
      },
      "/csce431/ExchangeNomination/app/models/response.rb": {
        "lines": [
          1,
          1,
          1,
          null
        ]
      }
    },
    "timestamp": 1646706408
  }
}
